Using pre-set license
Built from '2020.3/staging' branch; Version is '2020.3.14f1 (d0d1bb862f9d) revision 13685179'; Using compiler version '192528614'; Build Type 'Release'
OS: 'Windows 10 Home; OS build 19043.1237; Version 2009; 64bit' Language: 'ko' Physical Memory: 24253 MB
BatchMode: 1, IsHumanControllingUs: 0, StartBugReporterOnCrash: 0, Is64bit: 1, IsPro: 0

 COMMAND LINE ARGUMENTS:
C:\Program Files\Unity\Hub\Editor\2020.3.14f1\Editor\Unity.exe
-adb2
-batchMode
-noUpm
-name
AssetImportWorker0
-projectPath
C:/Users/user/Documents/GitHub/Prometheus
-logFile
Logs/AssetImportWorker0.log
-srvPort
52865
Successfully changed project path to: C:/Users/user/Documents/GitHub/Prometheus
C:/Users/user/Documents/GitHub/Prometheus
Using Asset Import Pipeline V2.
Refreshing native plugins compatible for Editor in 25.26 ms, found 2 plugins.
Preloading 0 native plugins for Editor in 0.00 ms.
Initialize engine version: 2020.3.14f1 (d0d1bb862f9d)
[Subsystems] Discovering subsystems at path C:/Program Files/Unity/Hub/Editor/2020.3.14f1/Editor/Data/Resources/UnitySubsystems
[Subsystems] Discovering subsystems at path C:/Users/user/Documents/GitHub/Prometheus/Assets
GfxDevice: creating device client; threaded=0
Direct3D:
    Version:  Direct3D 11.0 [level 11.1]
    Renderer: NVIDIA GeForce RTX 3060 Laptop GPU (ID=0x2520)
    Vendor:   
    VRAM:     6023 MB
    Driver:   27.21.14.6235
Initialize mono
Mono path[0] = 'C:/Program Files/Unity/Hub/Editor/2020.3.14f1/Editor/Data/Managed'
Mono path[1] = 'C:/Program Files/Unity/Hub/Editor/2020.3.14f1/Editor/Data/MonoBleedingEdge/lib/mono/unityjit'
Mono config path = 'C:/Program Files/Unity/Hub/Editor/2020.3.14f1/Editor/Data/MonoBleedingEdge/etc'
Using monoOptions --debugger-agent=transport=dt_socket,embedding=1,server=y,suspend=n,address=127.0.0.1:56100
Begin MonoManager ReloadAssembly
Registering precompiled unity dll's ...
Register platform support module: C:/Program Files/Unity/Hub/Editor/2020.3.14f1/Editor/Data/PlaybackEngines/WindowsStandaloneSupport/UnityEditor.WindowsStandalone.Extensions.dll
Registered in 0.003304 seconds.
Native extension for WindowsStandalone target not found
Refreshing native plugins compatible for Editor in 19.18 ms, found 2 plugins.
Preloading 0 native plugins for Editor in 0.00 ms.
Mono: successfully reloaded assembly
- Completed reload, in  1.318 seconds
Domain Reload Profiling:
	ReloadAssembly (1318ms)
		BeginReloadAssembly (58ms)
			ExecutionOrderSort (0ms)
			DisableScriptedObjects (0ms)
			BackupInstance (0ms)
			ReleaseScriptingObjects (0ms)
			CreateAndSetChildDomain (1ms)
		EndReloadAssembly (273ms)
			LoadAssemblies (54ms)
			RebuildTransferFunctionScriptingTraits (0ms)
			SetupTypeCache (95ms)
			ReleaseScriptCaches (0ms)
			RebuildScriptCaches (21ms)
			SetupLoadedEditorAssemblies (99ms)
				LogAssemblyErrors (0ms)
				InitializePlatformSupportModulesInManaged (3ms)
				SetLoadedEditorAssemblies (1ms)
				RefreshPlugins (19ms)
				BeforeProcessingInitializeOnLoad (10ms)
				ProcessInitializeOnLoadAttributes (49ms)
				ProcessInitializeOnLoadMethodAttributes (17ms)
				AfterProcessingInitializeOnLoad (0ms)
				EditorAssembliesLoaded (0ms)
			ExecutionOrderSort2 (0ms)
			AwakeInstancesAfterBackupRestoration (0ms)
Platform modules already initialized, skipping
Registering precompiled user dll's ...
Registered in 0.005282 seconds.
Begin MonoManager ReloadAssembly
Native extension for WindowsStandalone target not found
Refreshing native plugins compatible for Editor in 0.23 ms, found 2 plugins.
Preloading 0 native plugins for Editor in 0.00 ms.
Mono: successfully reloaded assembly
- Completed reload, in  0.736 seconds
Domain Reload Profiling:
	ReloadAssembly (737ms)
		BeginReloadAssembly (116ms)
			ExecutionOrderSort (0ms)
			DisableScriptedObjects (3ms)
			BackupInstance (0ms)
			ReleaseScriptingObjects (0ms)
			CreateAndSetChildDomain (13ms)
		EndReloadAssembly (569ms)
			LoadAssemblies (81ms)
			RebuildTransferFunctionScriptingTraits (0ms)
			SetupTypeCache (178ms)
			ReleaseScriptCaches (0ms)
			RebuildScriptCaches (28ms)
			SetupLoadedEditorAssemblies (237ms)
				LogAssemblyErrors (0ms)
				InitializePlatformSupportModulesInManaged (4ms)
				SetLoadedEditorAssemblies (0ms)
				RefreshPlugins (0ms)
				BeforeProcessingInitializeOnLoad (77ms)
				ProcessInitializeOnLoadAttributes (141ms)
				ProcessInitializeOnLoadMethodAttributes (3ms)
				AfterProcessingInitializeOnLoad (11ms)
				EditorAssembliesLoaded (0ms)
			ExecutionOrderSort2 (0ms)
			AwakeInstancesAfterBackupRestoration (4ms)
Platform modules already initialized, skipping
========================================================================
Worker process is ready to serve import requests
Launched and connected shader compiler UnityShaderCompiler.exe after 0.04 seconds
Refreshing native plugins compatible for Editor in 0.26 ms, found 2 plugins.
Preloading 0 native plugins for Editor in 0.00 ms.
Unloading 1390 Unused Serialized files (Serialized files now loaded: 0)
System memory in use before: 64.6 MB.
System memory in use after: 64.7 MB.

Unloading 18 unused Assets to reduce memory usage. Loaded Objects now: 1824.
Total: 2.018600 ms (FindLiveObjects: 0.110100 ms CreateObjectMapping: 0.025100 ms MarkObjects: 1.806300 ms  DeleteObjects: 0.075600 ms)

AssetImportParameters requested are different than current active one (requested -> active):
  custom:framework-win-MediaFoundation: 216162199b28c13a410421893ffa2e32 -> 
  custom:video-decoder-ogg-theora: a1e56fd34408186e4bbccfd4996cb3dc -> 
  custom:container-muxer-webm: aa71ff27fc2769a1b78a27578f13a17b -> 
  custom:container-demuxer-webm: 4f35f7cbe854078d1ac9338744f61a02 -> 
  custom:container-demuxer-ogg: 62fdf1f143b41e24485cea50d1cbac27 -> 
  custom:video-encoder-webm-vp8: eb34c28f22e8b96e1ab97ce403110664 -> 
  custom:video-decoder-webm-vp8: 9c59270c3fd7afecdb556c50c9e8de78 -> 
  custom:audio-decoder-ogg-vorbis: bf7c407c2cedff20999df2af8eb42d56 -> 
  custom:audio-encoder-webm-vorbis: bf7c407c2cedff20999df2af8eb42d56 -> 
========================================================================
Received Import Request.
  path: Assets/KMB/New Animator Controller.controller
  artifactKey: Guid(4a0252535b85d0c4d963b6f05bb0d75e) Importer(815301076,1909f56bfc062723c751e8b465ee728b)
Start importing Assets/KMB/New Animator Controller.controller using Guid(4a0252535b85d0c4d963b6f05bb0d75e) Importer(815301076,1909f56bfc062723c751e8b465ee728b)  -> (artifact id: '0934b19c44449822bea69c541192c191') in 0.027380 seconds 
  Import took 0.028997 seconds .

========================================================================
Received Import Request.
  Time since last request: 13.541858 seconds.
  path: Assets/KMB/Scripts
  artifactKey: Guid(7e21fa3113a99664d8e881192c1efe06) Importer(815301076,1909f56bfc062723c751e8b465ee728b)
Start importing Assets/KMB/Scripts using Guid(7e21fa3113a99664d8e881192c1efe06) Importer(815301076,1909f56bfc062723c751e8b465ee728b)  -> (artifact id: '501a5015890f190da1e5cb8d4ec32c2b') in 0.002913 seconds 
  Import took 0.004684 seconds .

========================================================================
Received Import Request.
  Time since last request: 9.902890 seconds.
  path: Assets/KMB/Scripts/New Folder
  artifactKey: Guid(c226b0aab14299f4e82fbf4b603e6c0a) Importer(815301076,1909f56bfc062723c751e8b465ee728b)
Start importing Assets/KMB/Scripts/New Folder using Guid(c226b0aab14299f4e82fbf4b603e6c0a) Importer(815301076,1909f56bfc062723c751e8b465ee728b)  -> (artifact id: 'abe89b67ff0dba74c315ed3a7423ab59') in 0.002725 seconds 
  Import took 0.004529 seconds .

========================================================================
Received Import Request.
  Time since last request: 18.573156 seconds.
  path: Assets/KMB/Material
  artifactKey: Guid(59108f2fc1e75954596d13f3a206cb7f) Importer(815301076,1909f56bfc062723c751e8b465ee728b)
Start importing Assets/KMB/Material using Guid(59108f2fc1e75954596d13f3a206cb7f) Importer(815301076,1909f56bfc062723c751e8b465ee728b)  -> (artifact id: '8821123d292c4f2dabc94843f99dcae6') in 0.003179 seconds 
  Import took 0.005155 seconds .

========================================================================
Received Import Request.
  Time since last request: 9.894174 seconds.
  path: Assets/KMB/Scene
  artifactKey: Guid(007cf5c9491b4664f89dccf352fec428) Importer(815301076,1909f56bfc062723c751e8b465ee728b)
Start importing Assets/KMB/Scene using Guid(007cf5c9491b4664f89dccf352fec428) Importer(815301076,1909f56bfc062723c751e8b465ee728b)  -> (artifact id: '7f0738f0867ee94a0b0144250b66a316') in 0.003637 seconds 
  Import took 0.005967 seconds .

AssetImportWorkerClient::OnTransportError - code=2 error=End of file
